<?xml version="1.0" encoding="UTF-8"?>
<testsuite xmlns:xsi="http://www.w3.org/2001/XMLSchema-instance" xsi:noNamespaceSchemaLocation="https://maven.apache.org/surefire/maven-surefire-plugin/xsd/surefire-test-report-3.0.xsd" version="3.0" name="dao.MedicinaDAOTest" time="0.035" tests="9" errors="0" skipped="8" failures="0">
  <properties>
[...]
</properties>
  <testcase name="testObtenerMedicinasDisponibles" classname="dao.MedicinaDAOTest" time="0.0">
    <skipped message="Requiere conexión a BD"/>
  </testcase>
  <testcase name="testObtenerTiposDeMedicina" classname="dao.MedicinaDAOTest" time="0.0">
    <skipped message="Requiere conexión a BD"/>
  </testcase>
  <testcase name="testDAOInstancia" classname="dao.MedicinaDAOTest" time="0.009"/>
  <testcase name="testBuscarMedicinasPorNombre" classname="dao.MedicinaDAOTest" time="0.0">
    <skipped message="Requiere conexión a BD"/>
  </testcase>
  <testcase name="testObtenerMedicinaPorId" classname="dao.MedicinaDAOTest" time="0.0">
    <skipped message="Requiere conexión a BD"/>
  </testcase>
  <testcase name="testObtenerMedicinasConPocasExistencias" classname="dao.MedicinaDAOTest" time="0.0">
    <skipped message="Requiere conexión a BD"/>
  </testcase>
  <testcase name="testActualizarMedicina" classname="dao.MedicinaDAOTest" time="0.0">
    <skipped message="Requiere conexión a BD"/>
  </testcase>
  <testcase name="testObtenerTodasLasMedicinas" classname="dao.MedicinaDAOTest" time="0.0">
    <skipped message="Requiere conexión a BD"/>
  </testcase>
  <testcase name="testAgregarMedicina" classname="dao.MedicinaDAOTest" time="0.0">
    <skipped message="Requiere conexión a BD"/>
  </testcase>
</testsuite>